4457
0 0 0 9
0 10 0 18
0 19 1 23
0 24 2 27
0 28 8 28
0 29 8 29
0 30 8 30
0 31 10 31
0 32 2 35
0 36 0 47
0 48 10 48
0 49 3 50
0 51 5 52
0 53 10 53
0 54 2 57
0 58 2 61
0 62 1 67
0 68 1 72
0 73 3 75
0 76 3 78
0 79 5 80
0 81 1 86
0 87 0 98
0 99 0 108
0 109 2 112
0 113 3 114
0 115 0 126
0 127 0 138
0 139 2 142
0 143 4 144
0 145 2 148
0 149 0 157
0 158 0 168
0 169 3 171
0 172 0 181
0 182 1 186
0 187 1 192
0 193 10 193
0 194 11 194
0 195 0 206
0 207 0 216
0 217 4 218
0 219 11 219
0 220 1 225
0 226 0 235
0 236 0 247
0 248 5 249
1 0 1 9
1 10 5 11
1 12 2 17
1 18 11 18
1 36 5 37
1 38 6 39
1 40 3 43
1 44 9 44
1 45 3 47
1 87 4 89
1 90 1 99
1 100 2 105
1 106 12 106
1 107 10 107
1 108 9 108
1 115 10 115
1 116 4 118
1 119 6 120
1 121 1 131
1 132 11 132
1 133 6 134
1 135 11 135
1 136 10 136
1 137 5 138
1 149 1 159
1 160 2 164
1 165 3 167
1 168 10 168
1 172 3 175
1 176 4 178
1 179 4 181
1 195 10 195
1 196 10 196
1 197 11 197
1 198 12 198
1 199 6 200
1 201 1 210
1 211 2 214
1 215 10 215
1 216 11 216
1 226 3 229
1 230 2 235
1 236 4 238
1 239 4 241
1 242 2 246
1 247 9 247
2 0 3 5
2 6 7 7
2 8 10 8
2 19 4 21
2 22 6 23
2 62 4 65
2 66 11 66
2 68 13 68
2 70 5 72
2 81 7 82
2 83 7 84
2 85 13 85
2 86 13 86
2 90 4 92
2 93 3 98
2 99 10 99
2 121 4 123
2 124 10 124
2 125 7 126
2 127 4 130
2 131 11 131
2 149 4 152
2 153 3 158
2 182 2 192
2 201 3 205
2 206 7 207
2 208 9 208
2 209 5 210
2 220 10 220
2 221 7 222
2 223 5 225
3 12 7 13
3 14 6 16
3 24 11 24
3 25 13 25
3 26 8 27
3 32 13 32
3 33 14 33
3 34 12 34
3 35 14 35
3 54 14 54
3 55 13 55
3 56 4 61
3 67 14 67
3 69 14 69
3 100 5 103
3 104 12 104
3 105 14 105
3 109 8 110
3 111 8 112
3 139 8 140
3 142 11 142
3 145 7 146
3 147 14 147
3 148 12 148
3 159 5 162
3 163 8 164
3 182 14 182
3 183 13 183
3 184 7 185
3 186 8 187
3 188 4 192
3 211 5 214
3 230 5 233
3 234 11 234
3 235 13 235
3 242 11 242
3 243 11 243
3 244 5 246
4 0 14 0
4 1 5 5
4 40 8 41
4 42 8 43
4 45 15 45
4 46 15 46
4 49 12 49
4 50 13 50
4 73 6 75
4 76 12 76
4 77 12 77
4 78 12 78
4 93 6 95
4 96 7 98
4 113 8 114
4 141 15 141
4 153 11 153
4 154 5 158
4 165 9 166
4 167 15 167
4 169 6 172
4 173 12 173
4 175 14 175
4 201 6 204
4 205 12 205
4 226 9 227
4 228 13 228
4 229 15 229
5 19 12 19
5 20 10 21
5 47 16 47
5 56 14 56
5 57 8 59
5 60 7 62
5 63 16 63
5 64 16 64
5 65 16 65
5 87 16 87
5 88 10 89
5 90 16 90
5 91 16 91
5 92 15 92
5 116 14 116
5 117 15 117
5 118 15 118
5 121 16 121
5 122 14 122
5 123 14 123
5 127 8 129
5 130 12 130
5 143 9 144
5 149 7 152
5 174 16 174
5 176 6 180
5 181 15 181
5 188 7 191
5 192 14 192
5 217 14 217
5 218 15 218
5 236 6 241
6 1 17 1
6 2 14 2
6 3 8 5
6 9 11 10
6 11 17 11
6 36 17 36
6 51 11 52
6 71 11 72
6 79 14 79
6 80 17 80
6 100 7 103
6 137 16 137
6 138 16 138
6 154 6 161
6 162 15 162
6 209 7 214
6 223 8 225
6 230 16 230
6 231 9 233
6 244 17 244
6 245 16 245
6 248 15 248
6 249 17 249
7 14 9 17
7 22 18 22
7 37 9 39
7 70 18 70
7 73 17 73
7 74 16 74
7 75 17 75
7 93 10 95
7 119 12 120
7 133 11 134
7 154 8 159
7 160 18 160
7 161 16 161
7 169 12 170
7 171 11 172
7 176 17 176
7 177 18 177
7 178 14 178
7 180 16 180
7 199 15 199
7 200 8 204
7 236 12 237
7 238 12 239
7 240 18 240
7 246 18 246
8 6 18 6
8 7 19 7
8 12 16 12
8 13 18 13
8 60 12 61
8 62 18 62
8 81 19 81
8 82 10 84
8 96 11 98
8 100 11 102
8 125 16 125
8 126 16 126
8 145 17 145
8 146 18 146
8 149 9 152
8 184 12 185
8 188 12 189
8 190 19 190
8 191 19 191
8 206 12 207
8 209 19 209
8 210 18 210
8 211 19 211
8 212 15 212
8 213 13 214
8 221 13 222
9 3 14 4
9 5 18 5
9 26 13 27
9 28 11 30
9 40 11 43
9 57 20 57
9 58 19 58
9 59 20 59
9 109 14 110
9 111 20 111
9 112 20 112
9 114 18 114
9 127 16 127
9 128 14 129
9 139 13 140
9 154 11 156
9 157 11 159
9 163 14 164
9 186 19 186
9 187 18 187
9 200 10 204
9 223 11 225
9 241 20 241
10 14 15 15
10 16 20 16
10 17 19 17
10 23 21 23
10 38 15 39
10 44 20 44
10 108 21 108
10 113 21 113
10 143 20 143
10 144 21 144
10 149 12 152
10 165 15 166
10 179 21 179
10 208 21 208
10 231 21 231
10 232 14 233
10 247 20 247
11 8 22 8
11 20 15 21
11 31 21 31
11 37 22 37
11 48 20 48
11 53 20 53
11 82 22 82
11 84 21 84
11 88 21 88
11 89 19 89
11 93 22 93
11 94 16 95
11 99 19 99
11 107 20 107
11 115 22 115
11 124 21 124
11 136 22 136
11 168 21 168
11 193 21 193
11 195 18 195
11 196 19 196
11 200 19 200
11 201 13 203
11 204 21 204
11 215 21 215
11 226 22 226
12 9 16 10
12 18 23 18
12 24 21 24
12 28 22 28
12 29 16 30
12 40 17 41
12 42 16 43
12 51 17 52
12 66 23 66
12 71 16 72
12 96 17 97
12 98 20 98
12 100 17 101
12 102 17 103
12 131 20 131
12 132 15 134
12 135 22 135
12 153 23 153
12 154 20 154
12 155 13 159
12 171 23 171
12 172 20 172
12 194 22 194
12 197 20 197
12 216 20 216
12 219 23 219
12 223 22 223
12 224 17 225
12 234 23 234
12 242 20 242
12 243 19 243
13 19 24 19
13 34 24 34
13 49 23 49
13 60 20 60
13 61 24 61
13 76 20 76
13 77 22 77
13 104 21 104
13 106 21 106
13 119 18 120
13 130 23 130
13 148 15 151
13 152 23 152
13 169 17 170
13 173 24 173
13 184 18 185
13 188 22 188
13 189 23 189
13 198 24 198
13 205 16 206
13 207 24 207
13 236 16 238
13 239 23 239
14 25 17 27
14 32 23 32
14 55 22 55
14 83 25 83
14 85 18 86
14 139 25 139
14 140 23 140
14 155 24 155
14 156 15 159
14 183 25 183
14 201 25 201
14 202 19 203
14 213 24 213
14 214 24 214
14 220 17 221
14 222 22 222
14 227 17 228
15 2 24 2
15 3 26 3
15 4 25 4
15 33 25 33
15 35 25 35
15 54 25 54
15 56 24 56
15 67 18 69
15 78 26 78
15 79 24 79
15 105 25 105
15 109 23 109
15 110 24 110
15 116 24 116
15 122 25 122
15 123 23 123
15 128 25 128
15 129 26 129
15 163 20 164
15 175 25 175
15 178 24 178
15 182 26 182
15 192 22 192
15 217 24 217
15 232 25 232
15 233 26 233
15 235 26 235
16 14 27 14
16 15 24 15
16 20 26 20
16 38 25 38
16 39 23 39
16 46 27 46
16 92 24 92
16 117 19 118
16 132 20 133
16 141 25 141
16 147 17 151
16 156 19 158
16 159 24 159
16 162 27 162
16 165 27 165
16 166 24 166
16 167 27 167
16 181 24 181
16 199 27 199
16 218 27 218
16 229 27 229
16 248 27 248
17 9 27 9
17 10 27 10
17 12 28 12
17 30 28 30
17 42 26 42
17 43 27 43
17 47 27 47
17 63 25 63
17 64 28 64
17 65 27 65
17 71 26 71
17 74 28 74
17 87 27 87
17 90 22 91
17 94 26 94
17 95 27 95
17 121 24 121
17 125 27 125
17 126 20 127
17 137 21 138
17 161 28 161
17 174 28 174
17 180 27 180
17 205 28 205
17 206 28 206
17 212 28 212
17 230 26 230
17 236 27 236
17 238 28 238
17 245 24 245
18 0 23 1
18 11 26 11
18 25 26 25
18 26 27 26
18 27 29 27
18 36 26 36
18 40 27 40
18 41 28 41
18 50 21 52
18 73 28 73
18 75 28 75
18 96 29 96
18 97 28 97
18 100 22 101
18 102 23 103
18 142 29 142
18 145 29 145
18 147 22 148
18 149 29 149
18 150 28 150
18 151 27 151
18 169 29 169
18 176 29 176
18 220 28 220
18 221 29 221
18 224 22 225
18 227 23 228
18 237 29 237
18 244 28 244
18 249 25 249
19 5 24 6
19 13 29 13
19 21 23 22
19 45 30 45
19 62 27 62
19 67 27 67
19 68 22 70
19 85 24 86
19 114 30 114
19 119 24 120
19 146 29 146
19 160 30 160
19 177 30 177
19 184 23 185
19 187 27 187
19 195 29 195
19 210 27 210
19 246 26 246
20 7 31 7
20 17 30 17
20 58 31 58
20 72 31 72
20 80 25 81
20 89 31 89
20 99 27 99
20 117 31 117
20 118 30 118
20 156 25 157
20 158 28 158
20 190 23 191
20 196 31 196
20 200 29 200
20 202 31 202
20 203 31 203
20 209 31 209
20 211 30 211
20 243 30 243
21 16 30 16
21 44 32 44
21 48 30 48
21 53 32 53
21 57 32 57
21 59 26 60
21 76 30 76
21 98 32 98
21 107 31 107
21 111 31 111
21 112 29 112
21 126 26 127
21 131 23 134
21 154 32 154
21 163 26 164
21 170 32 170
21 172 29 172
21 186 32 186
21 197 31 197
21 216 32 216
21 240 25 241
21 247 32 247
22 23 31 23
22 31 32 31
22 50 25 52
22 84 32 84
22 88 33 88
22 104 30 104
22 106 31 106
22 113 31 113
22 137 30 137
22 138 32 138
22 143 26 144
22 168 32 168
22 179 32 179
22 193 32 193
22 204 33 204
22 208 29 208
22 231 33 231
23 8 34 8
23 37 33 37
23 68 31 68
23 69 33 69
23 70 32 70
23 77 33 77
23 82 34 82
23 90 27 91
23 93 34 93
23 100 34 100
23 101 34 101
23 108 34 108
23 115 32 115
23 135 32 135
23 136 33 136
23 147 34 147
23 148 32 148
23 188 31 188
23 192 34 192
23 194 34 194
23 215 34 215
23 222 26 224
23 225 33 225
23 226 33 226
24 0 29 1
24 18 32 18
24 21 35 21
24 24 35 24
24 28 35 28
24 32 33 32
24 39 33 39
24 49 33 49
24 55 35 55
24 66 33 66
24 102 31 102
24 103 35 103
24 109 34 109
24 123 35 123
24 130 35 130
24 131 26 133
24 140 35 140
24 152 34 152
24 153 35 153
24 171 31 171
24 184 35 184
24 185 34 185
24 189 29 190
24 191 34 191
24 219 34 219
24 227 35 227
24 228 32 228
24 234 34 234
24 239 33 239
24 242 35 242
25 6 35 6
25 15 36 15
25 34 36 34
25 56 35 56
25 61 34 61
25 85 35 85
25 92 35 92
25 110 33 110
25 116 36 116
25 119 32 119
25 120 34 120
25 121 36 121
25 134 36 134
25 155 33 155
25 159 35 159
25 166 34 166
25 173 34 173
25 178 36 178
25 181 34 181
25 198 36 198
25 207 36 207
25 213 32 213
25 217 34 217
25 245 36 245
26 2 37 2
26 4 30 5
26 19 37 19
26 33 35 33
26 38 37 38
26 50 30 51
26 52 35 52
26 54 35 54
26 63 37 63
26 79 30 80
26 83 37 83
26 122 37 122
26 124 37 124
26 128 37 128
26 139 35 139
26 141 34 141
26 156 37 156
26 157 36 157
26 183 33 183
26 201 36 201
26 240 37 240
26 241 35 241
26 249 37 249
27 11 34 11
27 20 36 20
27 25 36 25
27 35 32 36
27 42 36 42
27 59 36 59
27 60 38 60
27 71 38 71
27 78 37 78
27 94 37 94
27 126 32 127
27 131 30 133
27 143 31 144
27 163 31 164
27 182 37 182
27 214 38 214
27 222 30 224
27 230 37 230
27 232 32 233
27 235 38 235
27 246 35 246
28 9 39 9
28 10 39 10
28 14 39 14
28 22 39 22
28 26 39 26
28 29 39 29
28 43 37 43
28 46 33 47
28 65 38 65
28 67 38 67
28 86 33 87
28 90 33 91
28 95 39 95
28 99 39 99
28 125 39 125
28 129 39 129
28 151 39 151
28 162 39 162
28 165 36 165
28 167 36 167
28 180 38 180
28 187 37 187
28 210 36 210
28 218 38 218
28 229 37 229
28 236 39 236
28 248 38 248
29 3 40 3
29 12 39 12
29 30 40 30
29 40 34 41
29 64 39 64
29 73 38 73
29 74 40 74
29 75 37 75
29 97 39 97
29 150 36 150
29 158 40 158
29 161 40 161
29 174 34 175
29 205 40 205
29 206 40 206
29 212 37 212
29 220 38 220
29 244 39 244
30 0 35 1
30 13 41 13
30 27 41 27
30 62 41 62
30 96 41 96
30 112 41 112
30 142 39 142
30 145 41 145
30 146 39 146
30 149 41 149
30 176 38 176
30 189 35 190
30 200 41 200
30 208 40 208
30 221 38 221
30 237 41 237
31 4 36 5
31 16 36 17
31 48 39 48
31 50 35 51
31 76 42 76
31 79 41 79
31 80 41 80
31 104 42 104
31 105 42 105
31 114 42 114
31 118 38 118
31 131 34 133
31 137 42 137
31 160 39 160
31 169 42 169
31 172 42 172
31 177 41 177
31 211 42 211
31 222 39 222
31 223 42 223
31 224 42 224
31 243 41 243
32 7 41 7
32 23 42 23
32 58 42 58
32 68 42 68
32 72 40 72
32 81 43 81
32 89 41 89
32 102 42 102
32 106 37 107
32 111 39 111
32 117 40 117
32 143 42 143
32 144 42 144
32 163 43 163
32 164 43 164
32 171 42 171
32 195 35 197
32 202 37 203
32 209 42 209
33 18 43 18
33 31 43 31
33 35 42 35
33 36 44 36
33 44 43 44
33 53 44 53
33 57 44 57
33 98 43 98
33 115 44 115
33 126 44 126
33 127 44 127
33 135 40 135
33 138 42 138
33 148 42 148
33 154 42 154
33 168 44 168
33 170 44 170
33 179 44 179
33 186 41 186
33 193 43 193
33 213 42 213
33 216 43 216
33 228 42 228
33 232 38 233
33 238 44 238
33 247 40 247
34 32 41 32
34 37 43 37
34 39 45 39
34 47 42 47
34 49 41 49
34 66 45 66
34 69 45 69
34 70 45 70
34 77 44 77
34 86 45 86
34 87 44 87
34 88 42 88
34 90 39 91
34 110 45 110
34 119 45 119
34 136 45 136
34 155 45 155
34 183 44 183
34 225 39 226
34 231 41 231
34 239 44 239
35 8 44 8
35 11 46 11
35 41 45 41
35 61 46 61
35 84 46 84
35 93 44 93
35 100 38 101
35 108 45 108
35 109 43 109
35 120 44 120
35 131 38 133
35 141 46 141
35 147 46 147
35 152 46 152
35 166 44 166
35 173 46 173
35 174 45 174
35 181 45 181
35 185 46 185
35 188 46 188
35 191 45 191
35 192 46 192
35 194 43 194
35 199 46 199
35 204 46 204
35 215 46 215
35 217 45 217
35 219 44 219
35 234 44 234
36 1 44 1
36 6 47 6
36 24 43 24
36 28 47 28
36 33 46 33
36 45 41 46
36 50 46 50
36 51 39 52
36 54 39 56
36 85 43 85
36 92 44 92
36 103 47 103
36 123 46 123
36 130 47 130
36 139 44 139
36 140 45 140
36 184 46 184
36 189 40 190
36 195 40 196
36 197 47 197
36 227 47 227
36 241 45 241
36 242 43 242
36 246 45 246
37 4 42 5
37 15 46 15
37 16 47 16
37 17 46 17
37 20 47 20
37 21 48 21
37 25 44 25
37 34 46 34
37 42 47 42
37 59 47 59
37 82 48 82
37 113 48 113
37 116 45 116
37 134 46 134
37 157 45 157
37 165 46 165
37 167 46 167
37 178 48 178
37 198 48 198
37 201 47 201
37 207 46 207
37 210 48 210
37 245 48 245
38 2 47 2
38 38 48 38
38 40 49 40
38 43 47 43
38 63 48 63
38 75 46 75
38 78 45 78
38 83 49 83
38 94 47 94
38 106 46 106
38 107 47 107
38 121 43 122
38 124 46 124
38 128 48 128
38 150 49 150
38 156 48 156
38 159 49 159
38 187 48 187
38 202 41 203
38 230 45 230
38 240 47 240
38 249 49 249
39 60 47 60
39 65 48 65
39 67 50 67
39 71 49 71
39 73 50 73
39 101 48 101
39 131 48 131
39 132 44 133
39 153 50 153
39 175 44 176
39 180 49 180
39 182 50 182
39 214 47 214
39 218 48 218
39 220 48 220
39 221 47 221
39 229 50 229
39 232 49 232
39 233 48 233
39 235 46 235
39 248 48 248
40 9 45 10
40 12 49 12
40 14 50 14
40 22 51 22
40 29 50 29
40 48 51 48
40 51 44 52
40 54 42 56
40 64 51 64
40 90 50 90
40 91 49 91
40 95 51 95
40 99 51 99
40 111 50 111
40 125 49 125
40 129 51 129
40 142 48 142
40 146 51 146
40 151 48 151
40 160 51 160
40 162 51 162
40 212 51 212
40 222 47 222
40 225 49 225
40 226 50 226
40 236 51 236
41 3 52 3
41 26 52 26
41 30 50 30
41 72 50 72
41 74 49 74
41 117 50 117
41 135 52 135
41 158 51 158
41 161 50 161
41 189 52 189
41 190 52 190
41 195 46 196
41 205 51 205
41 206 50 206
41 208 52 208
41 244 52 244
41 247 50 247
42 0 53 0
42 7 52 7
42 13 52 13
42 27 53 27
42 45 52 45
42 46 53 46
42 49 50 49
42 62 50 62
42 79 50 79
42 80 52 80
42 96 46 97
42 112 51 112
42 145 53 145
42 149 53 149
42 177 51 177
42 186 51 186
42 200 51 200
42 202 47 203
42 231 52 231
42 243 53 243
43 4 54 4
43 5 53 5
43 32 54 32
43 35 54 35
43 47 53 47
43 54 47 55
43 58 50 58
43 68 53 68
43 76 53 76
43 88 53 88
43 89 54 89
43 100 54 100
43 102 54 102
43 104 54 104
43 105 51 105
43 114 53 114
43 118 54 118
43 137 54 137
43 138 54 138
43 144 50 144
43 148 52 148
43 154 53 154
43 169 51 169
43 171 53 171
43 172 53 172
43 209 54 209
43 211 52 211
43 213 53 213
43 223 54 223
43 224 54 224
43 228 54 228
44 18 51 18
44 23 47 24
44 31 55 31
44 37 55 37
44 44 55 44
44 81 53 81
44 85 55 85
44 98 55 98
44 109 55 109
44 121 54 121
44 122 55 122
44 163 54 163
44 164 51 164
44 193 55 193
44 194 55 194
44 216 55 216
44 237 55 237
44 242 53 242
45 1 55 1
45 8 54 8
45 25 56 25
45 36 54 36
45 51 50 52
45 56 50 57
45 77 55 77
45 87 55 87
45 92 49 93
45 115 53 115
45 120 56 120
45 126 55 126
45 127 56 127
45 132 50 133
45 139 54 139
45 143 56 143
45 166 54 166
45 168 56 168
45 170 55 170
45 176 56 176
45 179 53 179
45 183 56 183
45 219 56 219
45 234 56 234
45 238 50 239
46 9 56 9
46 19 57 19
46 39 56 39
46 41 57 41
46 53 57 53
46 66 57 66
46 69 56 69
46 70 57 70
46 78 57 78
46 86 53 86
46 108 54 108
46 110 55 110
46 116 54 116
46 119 54 119
46 136 56 136
46 140 57 140
46 155 55 155
46 157 57 157
46 174 51 175
46 181 53 181
46 191 53 191
46 217 57 217
46 230 56 230
46 241 57 241
46 246 57 246
47 10 51 11
47 15 56 15
47 17 56 17
47 33 56 33
47 34 58 34
47 50 55 50
47 61 58 61
47 75 58 75
47 84 58 84
47 96 51 97
47 106 54 106
47 123 51 124
47 134 56 134
47 141 56 141
47 147 58 147
47 152 58 152
47 165 58 165
47 167 56 167
47 184 57 184
47 185 57 185
47 188 58 188
47 192 58 192
47 195 56 195
47 196 58 196
47 199 55 199
47 204 58 204
47 215 58 215
47 235 58 235
48 2 59 2
48 6 58 6
48 16 59 16
48 20 59 20
48 23 51 24
48 28 56 28
48 42 51 43
48 54 53 55
48 59 59 59
48 60 58 60
48 94 57 94
48 103 59 103
48 107 57 107
48 130 58 130
48 197 59 197
48 201 51 203
48 214 56 214
48 221 58 221
48 222 58 222
48 227 59 227
49 21 58 21
49 38 59 38
49 63 59 63
49 65 59 65
49 113 57 113
49 128 58 128
49 131 57 131
49 151 59 151
49 173 60 173
49 178 60 178
49 187 59 187
49 198 57 198
49 220 58 220
49 233 56 233
49 245 60 245
49 248 59 248
50 12 60 12
50 40 59 40
50 71 60 71
50 74 58 74
50 82 53 83
50 91 53 93
50 101 61 101
50 125 60 125
50 142 61 142
50 150 60 150
50 180 61 180
50 207 61 207
50 218 61 218
50 225 61 225
50 232 60 232
50 249 59 249
51 14 61 14
51 29 60 29
51 30 62 30
51 51 59 51
51 56 55 57
51 58 61 58
51 67 58 67
51 72 61 72
51 73 62 73
51 79 58 79
51 90 62 90
51 111 58 111
51 117 58 117
51 133 59 133
51 144 59 144
51 153 60 153
51 161 61 161
51 182 58 182
51 206 62 206
51 210 62 210
51 229 61 229
51 238 62 238
51 239 62 239
51 247 61 247
52 10 63 10
52 11 63 11
52 22 63 22
52 23 62 23
52 24 62 24
52 42 57 43
52 48 62 48
52 52 63 52
52 64 62 64
52 95 60 95
52 96 62 96
52 97 62 97
52 99 61 99
52 105 62 105
52 112 61 112
52 123 57 124
52 129 63 129
52 146 63 146
52 158 60 158
52 159 56 160
52 162 60 162
52 164 61 164
52 169 63 169
52 174 55 175
52 177 63 177
52 186 63 186
52 200 62 200
52 201 61 201
52 202 63 202
52 203 62 203
52 205 60 205
52 212 63 212
52 226 63 226
53 3 64 3
53 7 62 7
53 13 60 13
53 49 64 49
53 80 63 80
53 135 62 135
53 148 64 148
53 189 62 189
53 208 61 208
53 211 62 211
53 231 64 231
53 244 63 244
54 0 63 0
54 5 65 5
54 26 58 27
54 45 57 47
54 54 59 55
54 68 63 68
54 76 65 76
54 81 59 82
54 83 65 83
54 86 64 86
54 88 65 88
54 91 57 93
54 114 59 115
54 145 62 145
54 149 65 149
54 154 62 154
54 171 62 171
54 172 63 172
54 179 65 179
54 181 65 181
54 191 63 191
54 213 62 213
54 240 65 240
54 242 64 242
55 8 65 8
55 32 62 32
55 35 60 36
55 89 65 89
55 100 63 100
55 102 63 102
55 104 65 104
55 106 64 106
55 116 65 116
55 118 65 118
55 119 64 119
55 137 58 139
55 163 63 163
55 190 66 190
55 209 64 209
55 223 65 223
55 224 62 224
55 243 66 243
56 4 67 4
56 31 67 31
56 37 66 37
56 44 65 44
56 50 66 50
56 56 59 57
56 85 65 85
56 87 64 87
56 98 65 98
56 108 60 109
56 110 66 110
56 121 61 122
56 126 67 126
56 132 67 132
56 155 65 155
56 156 67 156
56 174 67 174
56 175 66 175
56 193 59 194
56 216 67 216
56 236 61 237
57 9 66 9
57 15 68 15
57 17 66 17
57 18 68 18
57 25 66 25
57 28 66 28
57 33 68 33
57 39 67 39
57 69 66 69
57 120 67 120
57 127 66 127
57 134 67 134
57 136 68 136
57 141 68 141
57 143 68 143
57 159 67 159
57 160 68 160
57 167 68 167
57 168 68 168
57 176 66 176
57 183 68 183
57 195 68 195
57 214 67 214
57 219 68 219
57 230 68 230
57 233 65 233
57 234 68 234
58 19 66 19
58 41 68 41
58 42 67 42
58 45 69 45
58 46 68 46
58 47 69 47
58 53 69 53
58 62 69 62
58 66 67 66
58 70 69 70
58 77 63 78
58 91 63 92
58 93 68 93
58 94 67 94
58 107 67 107
58 113 66 113
58 123 63 124
58 131 67 131
58 140 69 140
58 157 67 157
58 184 66 184
58 185 66 185
58 198 69 198
58 199 69 199
58 217 69 217
58 241 67 241
58 246 67 246
59 26 70 26
59 27 69 27
59 34 70 34
59 60 68 60
59 61 67 61
59 67 67 67
59 74 63 75
59 79 69 79
59 84 70 84
59 111 68 111
59 117 70 117
59 130 66 130
59 137 69 137
59 138 64 139
59 147 69 147
59 152 68 152
59 165 70 165
59 182 68 182
59 188 67 188
59 196 70 196
59 204 68 204
59 220 62 222
60 1 71 1
60 2 71 2
60 16 69 16
60 20 70 20
60 40 71 40
60 51 71 51
60 54 65 55
60 56 71 56
60 57 69 57
60 59 71 59
60 63 71 63
60 65 70 65
60 81 65 82
60 114 70 114
60 133 70 133
60 144 69 144
60 151 71 151
60 187 71 187
60 192 63 194
60 197 71 197
60 215 71 215
60 227 71 227
60 248 68 248
60 249 71 249
61 12 70 12
61 13 70 13
61 29 71 29
61 35 72 35
61 36 69 36
61 38 72 38
61 71 71 71
61 95 71 95
61 103 72 103
61 108 68 108
61 109 72 109
61 125 72 125
61 150 71 150
61 153 72 153
61 158 70 158
61 162 72 162
61 166 72 166
61 173 72 173
61 178 71 178
61 205 71 205
61 232 70 232
61 245 72 245
62 14 71 14
62 72 70 72
62 99 71 99
62 101 71 101
62 112 72 112
62 121 71 121
62 142 73 142
62 161 73 161
62 164 70 164
62 180 70 180
62 201 70 201
62 207 73 207
62 208 73 208
62 218 73 218
62 225 70 225
62 228 73 228
62 229 72 229
62 237 73 237
62 247 72 247
63 7 74 7
63 24 74 24
63 30 74 30
63 32 74 32
63 48 74 48
63 64 73 64
63 73 73 73
63 90 73 90
63 96 66 97
63 105 74 105
63 122 74 122
63 128 74 128
63 135 74 135
63 145 70 145
63 171 71 171
63 189 73 189
63 200 73 200
63 203 72 203
63 206 73 206
63 210 73 210
63 211 74 211
63 213 70 213
63 220 68 221
63 224 71 224
63 235 74 235
63 238 71 238
64 0 73 0
64 10 69 11
64 21 67 23
64 58 75 58
64 68 74 68
64 74 69 75
64 77 68 78
64 80 75 80
64 91 74 91
64 92 73 92
64 102 73 102
64 123 68 124
64 129 74 129
64 146 74 146
64 163 72 163
64 169 69 170
64 172 73 172
64 177 75 177
64 186 75 186
64 191 65 194
64 202 71 202
64 212 72 212
64 226 74 226
64 244 72 244
65 3 76 3
65 49 74 49
65 86 70 87
65 106 76 106
65 115 76 115
65 138 68 139
65 148 73 148
65 222 76 222
65 231 76 231
65 242 73 242
66 5 77 5
66 6 77 6
66 8 75 8
66 44 77 44
66 52 77 52
66 54 75 54
66 55 75 55
66 76 74 76
66 81 71 82
66 83 76 83
66 85 77 85
66 88 71 89
66 98 77 98
66 100 77 100
66 118 76 118
66 149 74 149
66 179 77 179
66 181 74 181
66 191 76 191
66 192 77 192
66 193 71 194
66 209 77 209
66 223 77 223
66 233 77 233
67 9 74 9
67 17 77 17
67 19 75 19
67 25 75 25
67 28 74 28
67 37 76 37
67 50 75 50
67 69 74 69
67 96 78 96
67 97 76 97
67 104 78 104
67 110 78 110
67 113 78 113
67 116 78 116
67 127 78 127
67 130 76 130
67 154 72 155
67 175 77 175
67 176 76 176
67 184 76 184
67 190 78 190
67 236 78 236
67 243 78 243
68 4 79 4
68 22 73 23
68 31 76 31
68 39 77 39
68 42 75 42
68 61 79 61
68 66 76 66
68 67 79 67
68 94 79 94
68 107 77 107
68 119 79 119
68 120 79 120
68 126 79 126
68 131 73 132
68 156 78 156
68 157 76 157
68 159 79 159
68 188 79 188
68 214 79 214
68 216 78 216
68 239 73 240
68 241 78 241
68 246 79 246
69 15 78 15
69 18 80 18
69 21 80 21
69 33 79 33
69 41 80 41
69 60 80 60
69 77 74 78
69 93 79 93
69 111 78 111
69 123 80 123
69 124 78 124
69 136 80 136
69 138 74 139
69 141 80 141
69 143 78 143
69 152 79 152
69 160 80 160
69 167 78 167
69 168 79 168
69 174 80 174
69 183 78 183
69 195 77 195
69 204 79 204
69 219 77 219
69 220 73 221
69 230 79 230
69 234 78 234
69 248 79 248
70 10 81 10
70 11 81 11
70 16 78 16
70 36 80 36
70 45 80 45
70 47 77 47
70 53 81 53
70 57 81 57
70 62 79 62
70 74 74 75
70 79 80 79
70 137 78 137
70 140 81 140
70 144 78 144
70 147 78 147
70 169 80 169
70 170 81 170
70 185 81 185
70 198 75 199
70 217 81 217
71 12 81 12
71 13 82 13
71 26 82 26
71 34 80 34
71 43 82 43
71 46 82 46
71 65 82 65
71 72 80 72
71 84 80 84
71 86 78 86
71 87 82 87
71 114 80 114
71 133 75 134
71 145 82 145
71 158 80 158
71 164 81 164
71 165 78 165
71 180 79 180
71 225 82 225
71 232 78 232
72 1 81 1
72 14 82 14
72 20 83 20
72 29 83 29
72 40 83 40
72 51 83 51
72 56 81 56
72 59 82 59
72 63 83 63
72 71 83 71
72 81 82 81
72 82 81 82
72 88 83 88
72 89 81 89
72 95 80 95
72 99 83 99
72 101 79 101
72 121 83 121
72 150 76 151
72 171 82 171
72 178 83 178
72 187 81 187
72 193 82 193
72 194 83 194
72 196 77 197
72 201 76 202
72 205 80 205
72 213 83 213
72 215 83 215
72 224 83 224
72 227 81 227
72 238 83 238
72 249 83 249
73 35 83 35
73 103 83 103
73 108 84 108
73 109 84 109
73 112 81 112
73 125 81 125
73 153 83 153
73 154 84 154
73 162 76 163
73 166 84 166
73 173 84 173
73 203 84 203
73 212 84 212
73 229 83 229
73 244 78 245
73 247 84 247
74 0 85 0
74 22 79 23
74 27 85 27
74 64 82 64
74 73 85 73
74 90 85 90
74 92 84 92
74 102 83 102
74 131 82 131
74 132 85 132
74 142 83 142
74 148 84 148
74 161 84 161
74 172 83 172
74 200 85 200
74 206 81 206
74 207 79 208
74 210 85 210
74 218 82 218
74 220 85 220
74 228 83 228
74 237 85 237
75 7 86 7
75 9 86 9
75 24 84 24
75 28 86 28
75 30 84 30
75 38 86 38
75 48 86 48
75 49 83 49
75 68 77 70
75 74 80 75
75 76 80 77
75 78 86 78
75 91 85 91
75 105 83 105
75 128 84 128
75 129 86 129
75 135 86 135
75 138 85 138
75 149 86 149
75 181 86 181
75 189 86 189
75 211 86 211
75 226 86 226
75 235 85 235
75 239 86 239
76 2 87 2
76 8 85 8
76 25 85 25
76 42 84 42
76 50 87 50
76 54 86 54
76 58 84 58
76 80 86 80
76 122 87 122
76 133 84 133
76 134 87 134
76 146 87 146
76 155 87 155
76 177 86 177
76 198 81 199
76 221 87 221
76 242 87 242
77 3 88 3
77 19 88 19
77 31 88 31
77 37 87 37
77 66 88 66
77 97 88 97
77 106 87 106
77 115 88 115
77 118 88 118
77 130 88 130
77 139 88 139
77 150 85 150
77 151 88 151
77 157 85 157
77 162 84 162
77 163 88 163
77 176 88 176
77 184 86 184
77 191 87 191
77 201 87 201
77 202 88 202
77 222 88 222
77 231 88 231
78 5 89 5
78 6 88 6
78 17 89 17
78 39 88 39
78 44 89 44
78 47 89 47
78 52 89 52
78 68 82 69
78 83 89 83
78 85 89 85
78 107 87 107
78 175 88 175
78 179 87 179
78 192 86 192
78 197 89 197
78 209 88 209
78 219 86 219
78 223 85 223
79 15 84 16
79 96 90 96
79 98 90 98
79 100 90 100
79 104 86 104
79 110 84 111
79 116 84 117
79 124 88 124
79 127 90 127
79 137 90 137
79 143 84 144
79 147 89 147
79 156 90 156
79 165 90 165
79 167 88 167
79 183 90 183
79 186 90 186
79 190 87 190
79 216 89 216
79 232 88 232
79 234 89 234
79 236 88 236
79 240 90 240
79 241 89 241
79 243 81 245
80 4 91 4
80 22 87 22
80 23 90 23
80 33 91 33
80 62 90 62
80 70 91 70
80 93 85 94
80 101 88 101
80 113 91 113
80 119 91 119
80 126 89 126
80 152 91 152
80 159 91 159
80 168 90 168
80 180 91 180
80 188 91 188
80 207 90 207
80 208 91 208
80 214 90 214
80 230 91 230
80 246 91 246
80 248 90 248
81 18 91 18
81 21 89 21
81 34 92 34
81 36 91 36
81 41 92 41
81 60 92 60
81 61 92 61
81 67 92 67
81 72 91 72
81 74 86 75
81 76 92 76
81 79 89 79
81 84 88 84
81 86 92 86
81 95 91 95
81 114 90 114
81 123 91 123
81 136 92 136
81 141 90 141
81 158 91 158
81 169 91 169
81 174 92 174
81 182 92 182
81 204 86 205
82 1 93 1
82 10 86 11
82 53 92 53
82 55 86 56
82 57 92 57
82 77 93 77
82 82 90 82
82 89 93 89
82 112 91 112
82 140 90 140
82 164 93 164
82 170 92 170
82 187 90 187
82 198 87 199
82 206 93 206
82 217 93 217
82 227 93 227
82 233 93 233
82 243 87 244
82 245 91 245
83 12 94 12
83 13 88 14
83 26 91 26
83 46 94 46
83 59 92 59
83 64 91 64
83 65 94 65
83 68 86 69
83 81 92 81
83 87 94 87
83 131 93 131
83 145 94 145
83 171 94 171
83 193 94 193
83 195 94 195
83 225 93 225
84 20 94 20
84 29 95 29
84 35 91 35
84 40 95 40
84 45 95 45
84 51 95 51
84 63 94 63
84 71 93 71
84 88 91 88
84 102 88 103
84 105 94 105
84 120 89 121
84 142 95 142
84 153 94 153
84 160 95 160
84 172 93 172
84 178 94 178
84 185 95 185
84 194 94 194
84 213 93 213
84 224 95 224
84 228 89 229
84 238 94 238
85 15 88 16
85 24 94 24
85 30 96 30
85 42 92 42
85 49 96 49
85 58 96 58
85 92 93 92
85 99 96 99
85 108 90 109
85 110 89 111
85 116 90 117
85 128 93 128
85 133 96 133
85 143 94 143
85 144 96 144
85 148 95 148
85 154 93 154
85 161 95 161
85 162 95 162
85 166 94 166
85 173 96 173
85 203 92 203
85 212 95 212
85 218 96 218
85 247 95 247
86 0 95 0
86 8 96 8
86 25 96 25
86 27 97 27
86 73 96 73
86 90 97 90
86 91 97 91
86 93 90 94
86 132 94 132
86 138 97 138
86 157 97 157
86 200 97 200
86 210 94 210
86 223 97 223
86 235 96 235
86 237 94 237
86 249 97 249
87 7 96 7
87 9 89 11
87 28 97 28
87 32 98 32
87 48 95 48
87 54 90 56
87 69 98 69
87 74 97 74
87 75 98 75
87 78 96 78
87 80 95 80
87 104 97 104
87 129 97 129
87 135 97 135
87 149 94 149
87 150 98 150
87 177 96 177
87 181 98 181
87 189 96 189
87 192 98 192
87 204 92 205
87 219 94 219
87 226 95 226
87 239 98 239
88 2 97 2
88 37 92 38
88 50 97 50
88 106 98 106
88 107 97 107
88 122 99 122
88 125 99 125
88 134 98 134
88 155 99 155
88 179 99 179
88 190 99 190
88 191 99 191
88 198 98 198
88 199 99 199
88 201 97 201
88 211 99 211
88 220 93 221
88 242 97 242
88 243 93 244
89 3 100 3
89 6 99 6
89 13 99 13
89 14 100 14
89 15 93 16
89 19 99 19
89 31 99 31
89 39 100 39
89 66 99 66
89 84 100 84
89 97 98 97
89 102 94 103
89 115 100 115
89 118 98 118
89 124 98 124
89 130 100 130
89 139 100 139
89 151 98 151
89 163 100 163
89 175 94 176
89 202 99 202
89 209 99 209
89 222 97 222
89 231 99 231
89 232 100 232
89 236 99 236
90 5 97 5
90 9 93 11
90 17 100 17
90 47 99 47
90 52 98 52
90 68 101 68
90 79 101 79
90 83 100 83
90 85 99 85
90 111 101 111
90 120 93 121
90 146 95 147
90 167 101 167
90 196 101 196
90 197 101 197
90 216 101 216
90 228 98 228
90 229 100 229
90 234 99 234
90 241 100 241
91 21 93 23
91 54 94 56
91 62 101 62
91 82 98 82
91 93 98 93
91 96 100 96
91 98 101 98
91 100 102 100
91 108 102 108
91 109 95 110
91 116 95 117
91 126 96 127
91 137 99 137
91 140 102 140
91 141 98 141
91 156 101 156
91 165 102 165
91 168 100 168
91 183 101 183
91 186 101 186
91 187 102 187
91 207 101 207
91 214 100 214
91 215 102 215
91 240 99 240
91 248 99 248
92 4 100 4
92 26 102 26
92 33 101 33
92 35 100 35
92 36 103 36
92 43 103 43
92 64 103 64
92 70 103 70
92 72 102 72
92 94 97 95
92 101 103 101
92 112 103 112
92 113 97 114
92 119 103 119
92 123 100 123
92 152 99 152
92 158 97 159
92 169 100 169
92 180 103 180
92 188 99 188
92 208 101 208
92 230 101 230
92 245 97 246
93 34 103 34
93 37 97 38
93 41 102 41
93 42 100 42
93 44 104 44
93 53 102 53
93 57 103 57
93 59 98 60
93 61 103 61
93 67 104 67
93 76 102 76
93 86 102 86
93 88 104 88
93 136 104 136
93 170 104 170
93 174 104 174
93 182 103 182
93 184 104 184
93 203 96 204
93 205 101 205
94 1 102 1
94 9 96 11
94 15 99 16
94 21 96 23
94 77 104 77
94 89 104 89
94 92 105 92
94 120 97 121
94 128 104 128
94 131 105 131
94 154 103 154
94 164 103 164
94 172 102 172
94 206 105 206
94 213 105 213
94 220 105 220
94 225 104 225
94 227 101 227
94 233 105 233
94 243 104 243
94 244 103 244
95 12 103 12
95 20 106 20
95 46 105 46
95 54 98 56
95 63 105 63
95 65 102 65
95 87 105 87
95 102 99 103
95 105 103 105
95 143 103 143
95 145 104 145
95 149 106 149
95 166 106 166
95 171 105 171
95 175 106 175
95 176 105 176
95 178 105 178
95 193 99 194
95 195 102 195
95 210 105 210
95 219 103 219
95 221 106 221
95 237 106 237
96 29 106 29
96 40 105 40
96 45 107 45
96 48 105 48
96 51 107 51
96 80 106 80
96 109 105 109
96 110 107 110
96 116 106 116
96 142 105 142
96 146 99 148
96 160 104 160
96 161 100 162
96 185 107 185
96 212 105 212
96 224 107 224
96 226 107 226
96 238 107 238
96 247 106 247
97 7 100 9
97 10 101 11
97 21 98 24
97 25 107 25
97 30 107 30
97 49 108 49
97 58 108 58
97 71 108 71
97 73 105 73
97 78 107 78
97 126 107 126
97 127 107 127
97 132 101 133
97 144 104 144
97 177 106 177
97 189 106 189
97 203 106 203
97 204 108 204
97 217 101 218
97 235 105 235
98 2 108 2
98 5 106 5
98 27 105 27
98 37 109 37
98 38 108 38
98 50 105 50
98 74 109 74
98 90 101 91
98 94 106 94
98 104 106 104
98 107 108 107
98 113 103 114
98 120 101 121
98 129 107 129
98 135 106 135
98 138 108 138
98 153 109 153
98 157 100 159
98 200 108 200
98 201 107 201
98 223 109 223
98 242 107 242
98 245 101 246
99 21 101 24
99 32 109 32
99 52 108 52
99 54 109 54
99 55 103 56
99 59 104 60
99 69 109 69
99 81 102 82
99 93 109 93
99 97 110 97
99 106 109 106
99 117 104 118
99 124 109 124
99 134 108 134
99 141 106 141
99 150 110 150
99 151 107 151
99 181 109 181
99 192 110 192
99 198 110 198
99 222 110 222
99 228 109 228
99 239 107 239
100 0 111 0
100 6 109 6
100 13 110 13
100 15 110 15
100 16 110 16
100 19 107 19
100 28 111 28
100 31 111 31
100 66 111 66
100 75 111 75
100 102 110 102
100 103 111 103
100 122 108 122
100 125 110 125
100 137 110 137
100 146 104 147
100 152 111 152
100 173 111 173
100 179 110 179
100 188 110 188
100 190 110 190
100 191 108 191
100 193 110 193
100 194 110 194
100 199 110 199
100 202 109 202
100 209 110 209
100 211 111 211
100 231 109 231
100 234 110 234
100 236 109 236
100 240 111 240
100 248 110 248
101 3 112 3
101 4 111 4
101 7 105 8
101 9 112 9
101 14 109 14
101 17 111 17
101 35 108 35
101 39 109 39
101 42 111 42
101 83 112 83
101 84 110 84
101 85 112 85
101 95 105 96
101 115 109 115
101 123 112 123
101 130 112 130
101 157 109 157
101 158 108 158
101 161 105 162
101 163 112 163
101 168 105 169
101 214 112 214
101 229 112 229
101 241 112 241
102 21 112 21
102 22 111 22
102 23 110 23
102 24 112 24
102 33 112 33
102 62 112 62
102 68 112 68
102 79 110 79
102 90 107 91
102 98 113 98
102 111 111 111
102 120 109 120
102 121 112 121
102 132 112 132
102 155 107 156
102 167 112 167
102 183 113 183
102 186 111 186
102 196 110 196
102 197 113 197
102 205 112 205
102 207 109 207
102 208 113 208
102 216 105 218
102 227 110 227
102 230 111 230
102 245 105 246
103 1 110 1
103 26 112 26
103 41 113 41
103 53 113 53
103 65 113 65
103 72 111 72
103 76 113 76
103 81 108 82
103 86 110 86
103 99 107 100
103 108 113 108
103 133 114 133
103 139 108 140
103 165 114 165
103 172 113 172
103 195 114 195
103 215 111 215
104 10 107 12
104 34 115 34
104 36 115 36
104 43 112 43
104 47 115 47
104 55 106 57
104 61 115 61
104 64 115 64
104 101 115 101
104 105 115 105
104 112 107 114
104 119 112 119
104 143 115 143
104 154 115 154
104 164 113 164
104 180 115 180
104 182 112 182
104 187 115 187
104 244 113 244
105 18 116 18
105 44 116 44
105 59 115 59
105 60 115 60
105 77 115 77
105 88 115 88
105 89 112 89
105 117 115 117
105 128 113 128
105 136 116 136
105 144 107 147
105 160 116 160
105 170 113 170
105 174 116 174
105 184 116 184
105 219 116 219
105 225 114 225
105 243 116 243
106 7 114 7
106 27 117 27
106 40 114 40
106 46 116 46
106 48 114 48
106 50 117 50
106 63 117 63
106 67 117 67
106 73 117 73
106 87 114 87
106 92 117 92
106 95 116 95
106 96 117 96
106 131 116 131
106 142 113 142
106 161 116 161
106 162 117 162
106 168 113 168
106 169 117 169
106 171 117 171
106 176 113 176
106 206 117 206
106 212 111 213
106 216 111 217
106 218 113 218
106 220 115 220
106 232 111 233
106 235 117 235
106 245 115 245
106 246 117 246
107 5 117 5
107 55 118 55
107 56 117 56
107 80 114 80
107 94 115 94
107 104 118 104
107 116 115 116
107 118 118 118
107 135 118 135
107 141 117 141
107 149 118 149
107 166 114 166
107 177 116 177
107 178 118 178
107 189 118 189
107 203 118 203
107 210 118 210
107 221 118 221
107 237 116 237
107 247 116 247
108 10 118 10
108 11 119 11
108 19 117 19
108 25 119 25
108 30 118 30
108 45 117 45
108 51 119 51
108 91 119 91
108 99 118 99
108 100 118 100
108 109 113 110
108 112 119 112
108 113 117 113
108 126 113 127
108 129 118 129
108 144 118 144
108 145 113 146
108 147 116 147
108 151 119 151
108 156 118 156
108 159 119 159
108 175 119 175
108 185 118 185
108 201 119 201
108 224 119 224
108 226 119 226
108 239 118 239
108 242 118 242
108 249 119 249
109 2 116 2
109 8 120 8
109 20 120 20
109 35 117 35
109 38 120 38
109 52 120 52
109 57 114 58
109 70 114 71
109 81 119 81
109 82 120 82
109 107 118 107
109 122 119 122
109 134 119 134
109 138 112 140
109 158 118 158
109 191 118 191
109 200 118 200
109 204 119 204
109 238 120 238
110 6 121 6
110 14 120 14
110 29 121 29
110 32 118 32
110 37 121 37
110 39 120 39
110 49 121 49
110 54 119 54
110 69 120 69
110 74 121 74
110 93 120 93
110 106 119 106
110 114 114 115
110 124 119 124
110 148 121 148
110 153 121 153
110 157 119 157
110 181 120 181
110 202 119 202
110 207 120 207
110 223 121 223
110 228 117 228
110 231 120 231
110 236 118 236
111 1 118 1
111 13 120 13
111 15 121 15
111 23 120 23
111 78 116 79
111 84 119 84
111 86 120 86
111 97 121 97
111 102 121 102
111 120 122 120
111 125 121 125
111 137 122 137
111 155 122 155
111 179 122 179
111 188 119 188
111 190 121 190
111 192 114 194
111 196 122 196
111 198 116 199
111 209 119 209
111 222 121 222
111 227 118 227
111 248 121 248
112 0 120 0
112 4 120 4
112 17 122 17
112 22 122 22
112 31 122 31
112 42 121 42
112 66 122 66
112 72 119 72
112 75 121 75
112 111 123 111
112 152 123 152
112 173 120 173
112 186 120 186
112 211 116 212
112 213 119 213
112 215 115 217
112 230 119 230
112 232 116 233
112 240 123 240
113 3 121 3
113 9 124 9
113 16 124 16
113 21 122 21
113 24 123 24
113 26 124 26
113 33 121 33
113 43 123 43
113 62 124 62
113 68 122 68
113 83 122 83
113 85 124 85
113 89 118 90
113 119 121 119
113 123 120 123
113 130 120 130
113 132 123 132
113 138 116 139
113 140 123 140
113 150 124 150
113 163 124 163
113 167 123 167
113 182 124 182
113 205 121 205
113 214 124 214
113 229 123 229
113 234 124 234
113 241 122 241
114 28 125 28
114 41 125 41
114 53 125 53
114 65 124 65
114 76 123 76
114 98 121 98
114 108 125 108
114 109 124 109
114 110 124 110
114 126 116 128
114 145 123 145
114 146 123 146
114 164 124 164
114 168 125 168
114 170 124 170
114 172 124 172
114 176 121 176
114 183 122 183
114 197 125 197
114 208 123 208
114 218 124 218
114 244 123 244
115 7 126 7
115 40 125 40
115 48 125 48
115 57 125 57
115 58 125 58
115 71 124 71
115 80 126 80
115 87 125 87
115 114 123 114
115 115 125 115
115 133 125 133
115 142 126 142
115 165 125 165
115 166 125 166
115 192 125 192
115 193 118 195
115 225 126 225
116 34 126 34
116 36 127 36
116 47 125 47
116 59 121 60
116 61 126 61
116 64 127 64
116 77 123 77
116 88 123 88
116 94 126 94
116 101 123 101
116 105 124 105
116 116 120 117
116 143 125 143
116 154 127 154
116 180 125 180
116 187 125 187
116 215 127 215
116 216 127 216
116 217 127 217
116 245 123 245
117 2 126 2
117 18 125 18
117 44 126 44
117 46 125 46
117 78 126 78
117 95 124 95
117 126 127 126
117 127 128 127
117 131 126 131
117 136 126 136
117 138 128 138
117 139 127 139
117 147 127 147
117 160 125 160
117 161 124 161
117 174 128 174
117 177 127 177
117 198 128 198
117 199 128 199
117 211 127 211
117 212 124 212
117 219 126 219
117 232 126 232
117 233 126 233
117 237 128 237
117 243 125 243
117 247 128 247
118 5 126 5
118 19 129 19
118 27 127 27
118 35 127 35
118 45 128 45
118 50 126 50
118 56 128 56
118 63 128 63
118 67 129 67
118 79 129 79
118 92 128 92
118 96 127 96
118 103 129 103
118 113 125 113
118 141 129 141
118 162 125 162
118 171 129 171
118 206 129 206
118 220 129 220
118 228 128 228
118 235 129 235
118 246 129 246
119 1 130 1
119 10 129 10
119 30 129 30
119 55 127 55
119 89 123 90
119 99 122 100
119 104 127 104
119 107 130 107
119 118 129 118
119 128 122 129
119 135 127 135
119 144 129 144
119 149 127 149
119 156 130 156
119 158 127 158
119 178 130 178
119 184 124 185
119 189 129 189
119 191 127 191
119 193 122 195
119 200 130 200
119 203 129 203
119 210 130 210
119 221 129 221
119 227 129 227
119 236 130 236
119 239 129 239
119 242 130 242
120 11 130 11
120 25 131 25
120 51 129 51
120 72 125 73
120 81 128 81
120 84 128 84
120 91 128 91
120 106 129 106
120 112 128 112
120 121 125 122
120 124 131 124
120 134 131 134
120 151 129 151
120 157 130 157
120 159 128 159
120 175 130 175
120 188 129 188
120 201 129 201
120 202 131 202
120 204 131 204
120 209 129 209
120 213 131 213
120 224 130 224
120 226 129 226
120 230 127 230
120 249 128 249
121 0 130 0
121 4 130 4
121 8 132 8
121 12 123 14
121 20 130 20
121 38 132 38
121 39 129 39
121 52 130 52
121 69 132 69
121 82 131 82
121 86 131 86
121 93 132 93
121 116 126 117
121 123 130 123
121 130 130 130
121 173 131 173
121 181 131 181
121 186 131 186
121 207 131 207
121 231 132 231
121 238 130 238
122 3 129 3
122 6 133 6
122 15 133 15
122 29 132 29
122 37 131 37
122 42 133 42
122 49 129 49
122 59 126 60
122 70 133 70
122 74 127 75
122 97 133 97
122 98 132 98
122 102 133 102
122 119 130 119
122 148 130 148
122 176 131 176
122 205 133 205
122 222 133 222
122 223 130 223
122 248 133 248
123 21 131 21
123 23 134 23
123 31 127 32
123 66 132 66
123 68 134 68
123 83 134 83
123 99 132 99
123 100 133 100
123 120 133 120
123 125 134 125
123 129 132 129
123 137 133 137
123 155 131 155
123 179 132 179
123 183 133 183
123 190 134 190
123 193 131 193
123 194 125 196
123 241 134 241
124 12 129 13
124 14 134 14
124 22 135 22
124 24 133 24
124 43 132 43
124 54 135 54
124 76 134 76
124 88 126 90
124 101 135 101
124 111 135 111
124 114 133 114
124 128 135 128
124 132 134 132
124 140 133 140
124 145 135 145
124 146 133 146
124 152 133 152
124 167 132 167
124 169 135 169
124 208 135 208
124 240 135 240
124 244 129 245
125 9 135 9
125 16 135 16
125 26 133 26
125 62 136 62
125 65 136 65
125 71 135 71
125 85 133 85
125 95 136 95
125 109 130 110
125 150 133 150
125 153 136 153
125 161 135 161
125 163 128 164
125 170 136 170
125 172 136 172
125 182 135 182
125 184 128 185
125 212 135 212
125 214 135 214
125 218 134 218
125 234 136 234
126 17 131 18
126 28 137 28
126 40 133 40
126 41 135 41
126 46 130 47
126 48 137 48
126 53 136 53
126 57 135 57
126 58 136 58
126 72 131 73
126 87 136 87
126 108 135 108
126 113 137 113
126 115 137 115
126 121 137 121
126 122 136 122
126 133 133 133
126 143 137 143
126 160 137 160
126 162 137 162
126 165 130 166
126 168 137 168
126 180 137 180
126 187 134 187
126 192 137 192
126 194 129 196
126 197 136 197
126 243 137 243
127 2 136 2
127 5 138 5
127 7 137 7
127 34 136 34
127 50 138 50
127 59 132 60
127 61 138 61
127 78 136 78
127 80 134 80
127 88 138 88
127 90 135 90
127 94 138 94
127 105 138 105
127 116 130 117
127 131 138 131
127 136 135 136
127 142 138 142
127 219 137 219
127 225 138 225
127 229 138 229
127 232 132 233
128 27 138 27
128 31 138 31
128 35 138 35
128 36 138 36
128 44 139 44
128 55 139 55
128 64 138 64
128 74 133 75
128 89 139 89
128 96 138 96
128 104 136 104
128 126 139 126
128 135 137 135
128 139 135 139
128 147 139 147
128 149 138 149
128 154 136 154
128 158 139 158
128 177 137 177
128 191 138 191
128 211 138 211
128 215 139 215
128 216 133 217
128 230 139 230
129 32 134 33
129 45 140 45
129 56 137 56
129 63 137 63
129 84 136 84
129 91 139 91
129 92 136 92
129 112 140 112
129 138 139 138
129 159 136 159
129 163 133 164
129 184 140 184
129 185 137 185
129 198 140 198
129 199 139 199
129 228 140 228
129 247 139 247
129 249 139 249
130 3 140 3
130 10 140 10
130 12 134 13
130 19 140 19
130 39 141 39
130 49 138 49
130 51 139 51
130 67 140 67
130 79 140 79
130 103 140 103
130 106 141 106
130 118 140 118
130 141 138 141
130 144 141 144
130 171 141 171
130 188 134 189
130 194 133 196
130 201 140 201
130 203 140 203
130 206 138 206
130 209 139 209
130 220 138 220
130 221 139 221
130 226 135 227
130 235 141 235
130 239 141 239
130 244 133 246
131 0 142 0
131 1 141 1
131 4 138 4
131 11 139 11
131 20 140 20
131 30 142 30
131 46 142 46
131 52 142 52
131 107 141 107
131 109 138 109
131 116 140 116
131 117 142 117
131 119 142 119
131 127 142 127
131 130 140 130
131 148 138 148
131 156 142 156
131 157 139 157
131 165 136 166
131 174 136 175
131 178 142 178
131 200 138 200
131 210 139 210
131 223 135 224
131 236 141 236
131 238 138 238
131 242 142 242
132 17 137 18
132 21 143 21
132 25 139 25
132 37 139 37
132 72 139 72
132 73 141 73
132 86 143 86
132 123 136 124
132 151 143 151
132 155 141 155
132 173 142 173
132 176 141 176
132 181 142 181
132 186 139 186
132 202 141 202
132 204 143 204
132 207 139 207
132 213 143 213
133 8 143 8
133 29 142 29
133 38 144 38
133 59 144 59
133 60 144 60
133 66 142 66
133 69 143 69
133 82 144 82
133 98 137 99
133 129 144 129
133 167 143 167
133 179 143 179
133 231 143 231
133 232 137 233
134 6 145 6
134 15 145 15
134 24 145 24
134 26 144 26
134 40 144 40
134 42 138 43
134 70 144 70
134 74 139 75
134 77 145 77
134 85 143 85
134 93 145 93
134 97 145 97
134 100 145 100
134 102 144 102
134 114 142 114
134 120 145 120
134 133 142 133
134 137 142 137
134 140 142 140
134 146 145 146
134 152 145 152
134 163 137 164
134 183 142 183
134 193 136 196
134 216 139 217
134 222 145 222
134 244 145 244
134 246 145 246
135 12 138 14
135 23 146 23
135 68 145 68
135 80 140 81
135 83 146 83
135 125 143 125
135 132 144 132
135 187 145 187
135 188 138 190
135 205 146 205
135 218 145 218
135 241 146 241
135 248 146 248
136 9 145 9
136 16 145 16
136 22 147 22
136 41 146 41
136 54 144 54
136 57 145 57
136 90 146 90
136 101 147 101
136 108 147 108
136 110 141 111
136 128 146 128
136 136 147 136
136 139 147 139
136 161 146 161
136 182 147 182
136 208 147 208
136 212 146 212
136 214 144 214
136 223 140 224
136 226 141 227
136 240 145 240
137 2 147 2
137 34 148 34
137 47 148 47
137 53 148 53
137 58 148 58
137 62 146 62
137 65 147 65
137 92 144 92
137 95 148 95
137 104 148 104
137 122 146 122
137 123 142 124
137 134 148 134
137 153 146 153
137 154 146 154
137 159 147 159
137 165 147 165
137 166 147 166
137 169 142 170
137 172 146 172
137 175 147 175
137 193 148 193
137 194 146 194
137 195 147 195
137 196 148 196
137 234 148 234
138 7 149 7
138 17 149 17
138 18 147 18
138 32 149 32
138 48 148 48
138 56 149 56
138 63 148 63
138 84 149 84
138 98 148 98
138 99 148 99
138 113 146 113
138 121 149 121
138 135 148 135
138 143 148 143
138 160 149 160
138 162 149 162
138 163 148 163
138 164 146 164
138 168 149 168
138 177 147 177
138 180 148 180
138 192 146 192
138 219 149 219
138 232 149 232
138 233 149 233
138 237 149 237
139 4 150 4
139 12 148 12
139 13 148 13
139 14 149 14
139 27 148 27
139 31 150 31
139 35 144 36
139 42 144 43
139 49 150 49
139 50 149 50
139 61 148 61
139 64 148 64
139 78 150 78
139 87 143 88
139 94 150 94
139 96 150 96
139 105 148 105
139 109 148 109
139 115 150 115
139 131 150 131
139 141 149 141
139 142 150 142
139 145 150 145
139 148 143 149
139 185 150 185
139 188 149 188
139 189 150 189
139 190 142 191
139 200 150 200
139 206 148 206
139 211 150 211
139 220 150 220
139 225 147 225
139 229 150 229
140 11 149 11
140 37 149 37
140 44 151 44
140 51 149 51
140 72 150 72
140 74 151 74
140 75 149 75
140 89 149 89
140 138 149 138
140 147 149 147
140 157 144 158
140 186 148 186
140 199 151 199
140 209 143 210
140 215 145 216
140 217 149 217
140 221 150 221
140 230 151 230
140 245 151 245
140 247 149 247
140 249 150 249
141 3 149 3
141 5 152 5
141 10 150 10
141 19 144 20
141 25 152 25
141 45 149 45
141 67 152 67
141 76 152 76
141 79 144 81
141 103 150 103
141 112 150 112
141 116 151 116
141 118 152 118
141 130 151 130
141 184 149 184
141 197 146 198
141 201 149 201
141 203 150 203
141 223 150 223
141 224 152 224
141 228 152 228
142 1 153 1
142 33 153 33
142 39 151 39
142 91 153 91
142 106 153 106
142 107 153 107
142 111 152 111
142 144 153 144
142 171 149 171
142 174 153 174
142 176 153 176
142 202 151 202
142 226 146 227
142 235 146 236
142 238 147 239
143 0 153 0
143 28 148 29
143 30 151 30
143 52 152 52
143 66 154 66
143 73 154 73
143 114 153 114
143 117 153 117
143 119 153 119
143 124 154 124
143 127 153 127
143 133 152 133
143 137 153 137
143 140 151 140
143 150 154 150
143 155 154 155
143 169 154 169
143 173 154 173
143 178 151 178
143 183 154 183
143 190 147 191
143 242 146 243
144 21 154 21
144 55 155 55
144 85 148 86
144 87 155 87
144 88 152 88
144 123 155 123
144 125 153 125
144 126 155 126
144 148 151 148
144 149 155 149
144 151 154 151
144 167 152 167
144 207 155 207
144 209 148 210
145 19 149 20
145 26 156 26
145 35 150 36
145 38 155 38
145 40 156 40
145 42 154 42
145 43 154 43
145 46 156 46
145 59 156 59
145 60 154 60
145 69 148 71
145 79 154 79
145 80 148 82
145 92 156 92
145 102 155 102
145 129 155 129
145 132 155 132
145 156 148 158
145 204 156 204
145 213 150 214
146 6 153 6
146 9 157 9
146 15 155 15
146 16 156 16
146 24 156 24
146 57 157 57
146 68 154 68
146 77 156 77
146 97 154 97
146 100 156 100
146 146 154 146
146 152 156 152
146 187 154 187
146 215 157 215
146 216 157 216
146 218 157 218
146 222 157 222
146 240 156 240
146 246 155 246
147 23 155 23
147 54 158 54
147 62 156 62
147 83 157 83
147 90 158 90
147 113 157 113
147 122 157 122
147 128 158 128
147 153 158 153
147 154 158 154
147 161 154 161
147 164 157 164
147 172 158 172
147 179 158 179
147 192 157 192
147 194 157 194
147 197 152 198
147 212 158 212
147 226 155 226
147 227 154 227
147 235 152 236
147 241 152 242
147 243 158 243
147 248 155 248
148 2 157 2
148 8 159 8
148 18 159 18
148 22 158 22
148 93 159 93
148 101 159 101
148 108 157 108
148 110 159 110
148 120 159 120
148 136 157 136
148 139 159 139
148 159 157 159
148 165 153 166
148 175 159 175
148 177 159 177
148 181 153 182
148 191 158 191
148 195 157 195
148 205 159 205
148 208 159 208
148 225 158 225
148 231 159 231
148 238 159 238
149 12 154 13
149 27 153 28
149 29 160 29
149 34 158 34
149 47 158 47
149 53 158 53
149 58 160 58
149 63 157 63
149 64 157 64
149 69 159 69
149 70 158 70
149 71 159 71
149 80 160 80
149 81 156 81
149 82 160 82
149 85 154 86
149 98 156 98
149 99 160 99
149 104 153 105
149 109 158 109
149 134 154 135
149 143 159 143
149 156 160 156
149 157 160 157
149 158 160 158
149 163 157 163
149 170 160 170
149 180 160 180
149 190 160 190
149 193 160 193
149 196 159 196
149 206 159 206
149 209 158 209
149 210 156 210
149 234 160 234
149 239 160 239
150 3 159 3
150 7 157 7
150 11 160 11
150 14 157 14
150 17 158 17
150 19 157 19
150 20 161 20
150 32 161 32
150 37 157 37
150 45 158 45
150 50 158 50
150 51 161 51
150 65 161 65
150 75 161 75
150 84 161 84
150 89 161 89
150 95 161 95
150 121 161 121
150 138 158 138
150 141 159 141
150 147 161 147
150 160 159 160
150 162 157 162
150 168 161 168
150 171 159 171
150 184 161 184
150 188 161 188
150 201 161 201
150 219 160 219
150 232 155 233
150 237 161 237
150 244 161 244
150 247 160 247
151 4 162 4
151 10 162 10
151 31 158 31
151 35 160 35
151 36 161 36
151 48 162 48
151 49 162 49
151 56 162 56
151 61 162 61
151 72 160 72
151 78 162 78
151 94 162 94
151 103 161 103
151 112 162 112
151 115 162 115
151 131 161 131
151 142 158 142
151 145 162 145
151 185 158 185
151 189 161 189
151 200 162 200
151 203 160 203
151 211 161 211
151 213 156 214
151 217 162 217
151 220 156 221
151 229 159 229
151 249 161 249
152 30 163 30
152 39 163 39
152 44 163 44
152 74 161 74
152 96 163 96
152 116 163 116
152 130 159 130
152 140 163 140
152 148 163 148
152 178 160 178
152 199 163 199
152 202 163 202
152 230 161 230
153 5 162 5
153 25 162 25
153 41 164 41
153 52 162 52
153 67 162 67
153 76 163 76
153 88 161 88
153 111 163 111
153 118 160 118
153 133 161 133
153 167 161 167
153 197 161 197
153 198 164 198
153 223 158 224
153 228 160 228
153 235 157 236
153 241 163 241
153 242 164 242
153 245 164 245
154 0 159 1
154 6 162 6
154 27 164 27
154 33 162 33
154 91 165 91
154 104 159 105
154 106 158 107
154 114 165 114
154 117 164 117
154 119 164 119
154 125 165 125
154 127 162 127
154 137 165 137
154 165 165 165
154 166 165 166
154 174 165 174
154 176 163 176
154 181 159 182
155 12 160 13
155 21 166 21
155 42 160 43
155 60 163 60
155 66 166 66
155 68 162 68
155 73 163 73
155 79 164 79
155 85 158 86
155 97 165 97
155 124 163 124
155 134 164 134
155 135 166 135
155 144 166 144
155 146 165 146
155 150 158 151
155 155 165 155
155 161 163 161
155 169 163 169
155 173 163 173
155 183 166 183
155 187 164 187
155 227 165 227
156 15 167 15
156 23 167 23
156 38 164 38
156 55 165 55
156 87 165 87
156 102 164 102
156 126 163 126
156 129 167 129
156 132 166 132
156 149 167 149
156 207 166 207
156 226 165 226
156 232 167 232
156 233 164 233
156 246 163 246
156 248 167 248
157 16 168 16
157 24 166 24
157 46 167 46
157 59 168 59
157 62 164 62
157 77 165 77
157 81 166 81
157 92 165 92
157 98 168 98
157 100 167 100
157 152 166 152
157 204 166 204
157 210 167 210
157 213 166 213
157 214 168 214
157 220 167 220
157 221 168 221
157 240 165 240
158 2 168 2
158 7 168 7
158 9 169 9
158 14 166 14
158 19 168 19
158 26 169 26
158 37 169 37
158 57 169 57
158 63 163 64
158 83 169 83
158 108 167 108
158 113 167 113
158 122 163 123
158 159 165 159
158 162 169 162
158 163 169 163
158 192 169 192
158 194 169 194
158 195 169 195
158 215 169 215
158 216 165 216
158 218 166 218
158 222 166 222
158 235 161 236
159 17 170 17
159 22 169 22
159 31 169 31
159 34 167 34
159 40 170 40
159 45 169 45
159 47 170 47
159 50 166 50
159 53 170 53
159 54 168 54
159 85 164 86
159 106 166 106
159 107 167 107
159 109 167 109
159 128 166 128
159 136 170 136
159 138 170 138
159 142 167 142
159 150 169 150
159 151 169 151
159 153 162 154
159 164 170 164
159 172 169 172
159 179 167 179
159 185 167 185
159 186 170 186
159 191 170 191
159 223 170 223
159 224 163 225
159 243 167 243
160 0 171 0
160 1 171 1
160 3 170 3
160 8 170 8
160 69 169 69
160 71 169 71
160 93 171 93
160 104 170 104
160 105 171 105
160 110 170 110
160 120 170 120
160 130 167 130
160 139 171 139
160 143 168 143
160 160 171 160
160 175 170 175
160 177 169 177
160 181 165 182
160 196 171 196
160 205 165 206
160 208 165 209
160 229 168 229
160 231 168 231
160 238 170 238
161 11 163 13
161 18 172 18
161 28 165 29
161 35 171 35
161 42 172 42
161 58 170 58
161 72 171 72
161 80 171 80
161 82 171 82
161 99 171 99
161 101 172 101
161 118 172 118
161 156 166 157
161 158 170 158
161 170 166 171
161 178 168 178
161 190 172 190
161 193 171 193
161 203 169 203
161 219 170 219
161 228 171 228
161 234 172 234
161 239 172 239
161 247 171 247
162 36 171 36
162 51 172 51
162 65 173 65
162 70 173 70
162 74 170 74
162 75 170 75
162 84 171 84
162 88 166 89
162 90 173 90
162 95 172 95
162 103 173 103
162 121 172 121
162 131 172 131
162 133 172 133
162 147 173 147
162 167 166 168
162 188 173 188
162 189 172 189
162 197 172 197
162 211 172 211
162 230 171 230
162 235 167 236
162 237 172 237
162 244 170 244
162 249 173 249
163 4 173 4
163 5 167 6
163 25 174 25
163 43 174 43
163 48 173 48
163 52 172 52
163 56 171 56
163 61 171 61
163 67 167 68
163 78 174 78
163 94 173 94
163 112 174 112
163 115 173 115
163 127 174 127
163 141 174 141
163 145 172 145
163 153 173 153
163 184 174 184
163 200 174 200
163 217 171 217
164 10 168 11
164 12 171 12
164 13 173 13
164 30 175 30
164 39 174 39
164 44 173 44
164 49 175 49
164 60 174 60
164 63 168 64
164 73 174 73
164 76 174 76
164 96 175 96
164 111 174 111
164 116 175 116
164 122 166 124
164 126 172 126
164 148 174 148
164 161 175 161
164 169 172 169
164 176 173 176
164 180 175 180
164 199 172 199
164 201 169 202
164 224 173 224
164 225 175 225
164 241 173 241
164 246 171 246
165 27 176 27
165 38 174 38
165 62 173 62
165 79 175 79
165 85 175 85
165 86 176 86
165 102 173 102
165 119 176 119
165 134 176 134
165 173 176 173
165 187 172 187
165 198 176 198
165 233 176 233
165 242 174 242
165 245 175 245
166 28 173 28
166 29 174 29
166 41 177 41
166 55 177 55
166 77 176 77
166 87 175 87
166 91 177 91
166 92 176 92
166 97 176 97
166 114 174 114
166 125 177 125
166 137 173 137
166 146 175 146
166 154 170 155
166 165 177 165
166 166 175 166
166 174 177 174
166 181 171 182
166 205 176 205
166 206 177 206
166 208 171 209
166 212 177 212
166 216 177 216
166 226 176 226
166 240 174 240
167 20 172 21
167 24 177 24
167 50 177 50
167 66 178 66
167 81 175 81
167 88 170 89
167 106 178 106
167 122 172 123
167 128 175 128
167 132 178 132
167 135 178 135
167 144 177 144
167 152 178 152
167 156 171 157
167 167 172 168
167 170 170 171
167 183 177 183
167 204 176 204
167 207 177 207
167 213 178 213
167 218 178 218
167 222 177 222
167 227 178 227
168 5 172 6
168 15 177 15
168 23 178 23
168 32 179 32
168 33 173 34
168 46 177 46
168 67 172 68
168 100 176 100
168 107 176 107
168 108 176 108
168 113 178 113
168 129 173 130
168 142 176 142
168 149 178 149
168 159 179 159
168 179 177 179
168 185 177 185
168 220 178 220
168 232 175 232
168 235 175 235
168 236 176 236
168 243 176 243
168 248 179 248
169 2 180 2
169 7 180 7
169 10 179 10
169 11 179 11
169 16 179 16
169 19 177 19
169 54 180 54
169 59 178 59
169 63 173 64
169 98 179 98
169 117 180 117
169 143 180 143
169 178 179 178
169 214 180 214
169 221 179 221
169 229 179 229
169 231 179 231
170 9 180 9
170 22 181 22
170 31 181 31
170 45 180 45
170 57 179 57
170 69 181 69
170 71 179 71
170 83 180 83
170 124 181 124
170 150 180 150
170 151 178 151
170 162 179 162
170 163 179 163
170 177 179 177
170 194 180 194
170 195 179 195
170 201 177 201
170 202 181 202
170 215 181 215
171 3 180 3
171 8 179 8
171 14 182 14
171 40 178 40
171 47 179 47
171 53 178 53
171 58 181 58
171 74 180 74
171 75 181 75
171 88 180 88
171 89 179 89
171 104 180 104
171 109 176 110
171 120 182 120
171 136 181 136
171 138 179 138
171 154 176 155
171 164 179 164
171 171 178 171
171 172 182 172
171 175 181 175
171 186 180 186
171 191 181 191
171 219 182 219
171 223 182 223
171 238 181 238
171 244 179 244
172 0 181 0
172 1 183 1
172 12 181 12
172 26 183 26
172 35 177 36
172 56 182 56
172 61 179 61
172 72 181 72
172 80 183 80
172 82 183 82
172 93 180 93
172 105 183 105
172 139 180 139
172 156 182 156
172 157 177 158
172 160 182 160
172 181 175 182
172 192 177 193
172 196 183 196
172 208 175 210
172 217 182 217
172 228 182 228
172 230 183 230
172 246 182 246
172 247 182 247
173 5 184 5
173 6 180 6
173 17 178 18
173 20 182 20
173 21 180 21
173 42 181 42
173 51 182 51
173 52 180 52
173 67 178 68
173 95 182 95
173 101 181 101
173 118 183 118
173 121 184 121
173 122 184 122
173 123 184 123
173 126 183 126
173 131 182 131
173 133 181 133
173 145 184 145
173 167 182 167
173 168 184 168
173 187 184 187
173 189 183 189
173 190 184 190
173 199 183 199
173 211 184 211
173 234 181 234
173 237 184 237
173 239 183 239
174 4 184 4
174 13 185 13
174 28 185 28
174 33 185 33
174 44 185 44
174 62 185 62
174 63 178 64
174 65 184 65
174 70 184 70
174 90 182 90
174 99 185 99
174 102 179 103
174 115 184 115
174 129 179 130
174 147 182 147
174 176 182 176
174 188 185 188
174 224 181 224
174 249 183 249
175 34 186 34
175 37 180 38
175 39 183 39
175 43 184 43
175 60 182 60
175 73 184 73
175 76 184 76
175 78 186 78
175 94 186 94
175 111 185 111
175 114 185 114
175 127 183 127
175 141 185 141
175 148 186 148
175 169 186 169
175 184 186 184
175 200 186 200
175 240 186 240
175 241 180 242
176 29 181 30
176 48 187 48
176 79 185 79
176 81 187 81
176 84 180 85
176 96 187 96
176 116 187 116
176 128 185 128
176 137 187 137
176 146 184 146
176 166 186 166
176 180 180 181
176 182 187 182
176 208 185 208
176 209 180 210
176 232 184 232
176 235 185 235
176 245 187 245
177 27 185 27
177 49 188 49
177 77 188 77
177 86 187 86
177 87 188 87
177 92 184 92
177 97 188 97
177 100 185 100
177 107 182 108
177 110 188 110
177 112 188 112
177 119 186 119
177 134 185 134
177 142 186 142
177 154 182 155
177 173 187 173
177 197 182 198
177 203 179 205
177 225 182 226
177 233 188 233
177 236 188 236
177 243 185 243
178 15 185 15
178 19 189 19
178 24 183 25
178 35 183 36
178 41 188 41
178 46 189 46
178 50 188 50
178 55 187 55
178 91 189 91
178 109 189 109
178 125 189 125
178 144 189 144
178 153 189 153
178 157 186 157
178 165 187 165
178 174 189 174
178 179 189 179
178 183 189 183
178 185 188 185
178 192 183 193
178 201 188 201
178 206 183 207
178 212 186 212
178 216 188 216
178 222 189 222
179 17 184 18
179 23 187 23
179 40 186 40
179 59 189 59
179 63 184 64
179 66 187 66
179 67 184 68
179 106 187 106
179 113 190 113
179 135 190 135
179 151 184 152
179 170 184 171
179 213 190 213
179 220 188 220
179 227 190 227
180 8 189 8
180 10 185 11
180 16 190 16
180 32 191 32
180 57 190 57
180 61 190 61
180 71 190 71
180 89 190 89
180 98 191 98
180 102 191 102
180 103 191 103
180 129 189 129
180 138 191 138
180 158 184 159
180 161 183 162
180 163 184 164
180 177 191 177
180 178 191 178
180 195 190 195
180 203 190 203
180 204 184 205
180 221 189 221
180 229 190 229
180 231 190 231
180 248 187 248
181 2 185 3
181 6 192 6
181 7 191 7
181 9 191 9
181 37 192 37
181 38 192 38
181 45 190 45
181 52 184 54
181 74 192 74
181 83 192 83
181 84 191 84
181 85 192 85
181 93 190 93
181 104 190 104
181 117 191 117
181 139 186 140
181 143 190 143
181 149 186 150
181 180 184 181
181 186 191 186
181 209 186 210
181 214 188 214
181 218 192 218
181 241 191 241
181 242 192 242
181 244 192 244
182 0 191 0
182 12 193 12
182 21 193 21
182 22 191 22
182 29 187 30
182 31 192 31
182 42 189 42
182 58 190 58
182 69 193 69
182 72 193 72
182 75 191 75
182 88 193 88
182 101 189 101
182 124 193 124
182 130 193 130
182 175 193 175
182 202 192 202
182 215 193 215
182 224 190 224
182 234 193 234
182 238 192 238
183 14 191 14
183 20 191 20
183 51 193 51
183 56 193 56
183 60 194 60
183 90 192 90
183 95 194 95
183 107 193 107
183 108 191 108
183 120 193 120
183 131 193 131
183 132 194 132
183 147 191 147
183 154 192 154
183 156 191 156
183 160 193 160
183 167 194 167
183 172 194 172
183 176 190 176
183 197 194 197
183 198 194 198
183 217 192 217
183 219 194 219
183 246 194 246
183 247 192 247
184 25 194 25
184 35 195 35
184 39 194 39
184 82 193 82
184 105 195 105
184 118 195 118
184 126 195 126
184 127 194 127
184 133 195 133
184 161 193 161
184 162 194 162
184 189 194 189
184 191 187 193
184 196 194 196
184 199 195 199
184 206 192 206
184 207 192 207
184 230 195 230
184 239 194 239
184 249 192 249
185 4 194 4
185 5 196 5
185 17 190 18
185 47 196 47
185 52 189 53
185 54 195 54
185 63 193 63
185 64 192 64
185 67 189 68
185 70 195 70
185 73 196 73
185 76 194 76
185 80 196 80
185 92 193 92
185 115 196 115
185 121 193 121
185 122 195 122
185 123 193 123
185 145 190 146
185 151 189 152
185 158 196 158
185 159 195 159
185 163 194 163
185 164 195 164
185 168 196 168
185 170 195 170
185 171 196 171
185 180 196 180
185 181 195 181
185 187 196 187
185 190 196 190
185 204 189 205
185 211 195 211
185 223 196 223
185 225 196 225
185 226 196 226
185 232 195 232
185 237 196 237
186 2 191 3
186 10 191 11
186 13 193 13
186 15 197 15
186 26 190 27
186 28 197 28
186 33 193 33
186 43 191 44
186 62 193 62
186 79 197 79
186 99 193 99
186 128 195 128
186 134 196 134
186 188 194 188
186 208 195 208
186 235 197 235
187 34 195 34
187 40 196 40
187 78 195 78
187 94 198 94
187 114 198 114
187 119 198 119
187 139 194 139
187 140 192 141
187 142 198 142
187 148 198 148
187 149 196 149
187 150 196 150
187 155 198 155
187 157 198 157
187 169 198 169
187 184 196 184
187 200 195 200
187 209 197 209
187 210 197 210
187 212 196 212
187 228 198 228
187 240 196 240
188 23 192 24
188 29 192 30
188 48 198 48
188 55 198 55
188 66 198 66
188 81 199 81
188 86 199 86
188 96 198 96
188 106 197 106
188 116 196 116
188 137 198 137
188 165 193 166
188 173 199 173
188 182 196 182
188 191 190 194
188 245 198 245
188 248 195 248
189 49 199 49
189 50 197 50
189 77 197 77
189 87 198 87
189 97 199 97
189 111 193 112
189 185 199 185
189 201 199 201
189 214 199 214
189 216 199 216
189 220 198 220
189 233 196 233
189 236 198 236
190 19 198 19
190 42 198 42
190 46 198 46
190 52 195 53
190 67 197 67
190 91 199 91
190 100 194 101
190 109 195 110
190 125 197 125
190 144 198 144
190 151 199 151
190 152 199 152
190 153 199 153
190 174 198 174
190 179 197 179
190 183 198 183
190 204 198 204
190 205 198 205
190 221 199 221
191 16 194 18
191 26 195 27
191 57 195 58
191 61 198 61
191 71 199 71
191 89 199 89
191 93 199 93
191 145 196 146
191 191 195 192
191 193 199 193
191 194 196 195
191 213 199 213
191 224 199 224
191 231 199 231
192 0 194 3
192 7 197 8
192 9 194 11
192 20 199 20
192 22 199 22
192 32 199 32
192 43 197 44
192 75 199 75
192 102 196 103
192 135 197 136
192 138 199 138
192 147 199 147
192 176 195 178
192 186 199 186
193 23 198 24
193 29 195 31
193 36 196 38
193 64 198 65
193 140 198 141
193 202 197 203
193 217 198 218
193 241 198 242
194 12 197 14
194 62 199 63
194 68 198 69
194 82 198 83
194 84 199 85
194 107 198 108
194 111 198 112
194 120 197 121
194 129 198 130
194 160 199 161
194 165 198 166
194 206 199 207
194 243 199 244
195 0 197 3
195 9 198 11
195 59 199 60
195 99 198 101
195 131 199 132
195 188 199 189
195 196 198 197
195 238 198 239
195 246 198 247
196 25 199 27
196 29 198 31
196 33 199 35
196 51 197 54
196 56 199 58
196 122 199 124
196 126 199 128
196 162 199 164
196 175 198 177
196 198 199 200
196 248 199 249
197 36 198 40
197 72 199 74
197 102 199 104
197 115 199 118
197 180 199 182
197 225 199 227
197 232 199 234
198 0 199 3
198 4 199 8
198 12 199 17
198 208 199 212
199 36 199 47
199 105 199 114
199 139 199 146
